2024-03-17 19:28:18 \n[trace][application] terpanggildlskjfdsofihdsiofh
    in D:\Alat\laragon\www\base4\vendor\mdmsoft\yii2-admin\models\User.php:218
    in D:\Alat\laragon\www\base4\vendor\mdmsoft\yii2-admin\controllers\AssignmentController.php:118
2024-03-17 19:28:18 \n[trace][application] 0
    in D:\Alat\laragon\www\base4\vendor\mdmsoft\yii2-admin\models\User.php:219
    in D:\Alat\laragon\www\base4\vendor\mdmsoft\yii2-admin\controllers\AssignmentController.php:118
2024-03-17 19:28:21 \n[trace][application] terpanggildlskjfdsofihdsiofh
    in D:\Alat\laragon\www\base4\vendor\mdmsoft\yii2-admin\models\User.php:218
    in D:\Alat\laragon\www\base4\vendor\mdmsoft\yii2-admin\controllers\AssignmentController.php:133
2024-03-17 19:28:21 \n[trace][application] 0
    in D:\Alat\laragon\www\base4\vendor\mdmsoft\yii2-admin\models\User.php:219
    in D:\Alat\laragon\www\base4\vendor\mdmsoft\yii2-admin\controllers\AssignmentController.php:133
2024-03-17 19:28:25 \n[trace][application] terpanggildlskjfdsofihdsiofh
    in D:\Alat\laragon\www\base4\vendor\mdmsoft\yii2-admin\models\User.php:218
    in D:\Alat\laragon\www\base4\vendor\mdmsoft\yii2-admin\controllers\AssignmentController.php:118
2024-03-17 19:28:25 \n[trace][application] 0
    in D:\Alat\laragon\www\base4\vendor\mdmsoft\yii2-admin\models\User.php:219
    in D:\Alat\laragon\www\base4\vendor\mdmsoft\yii2-admin\controllers\AssignmentController.php:118
2024-03-17 19:28:38 \n[trace][application] terpanggildlskjfdsofihdsiofh
    in D:\Alat\laragon\www\base4\vendor\mdmsoft\yii2-admin\models\User.php:218
    in D:\Alat\laragon\www\base4\vendor\mdmsoft\yii2-admin\controllers\AssignmentController.php:133
2024-03-17 19:28:38 \n[trace][application] 0
    in D:\Alat\laragon\www\base4\vendor\mdmsoft\yii2-admin\models\User.php:219
    in D:\Alat\laragon\www\base4\vendor\mdmsoft\yii2-admin\controllers\AssignmentController.php:133
2024-03-17 19:29:12 \n[trace][application] terpanggildlskjfdsofihdsiofh
    in D:\Alat\laragon\www\base4\vendor\mdmsoft\yii2-admin\models\User.php:218
    in D:\Alat\laragon\www\base4\vendor\mdmsoft\yii2-admin\controllers\AssignmentController.php:118
2024-03-17 19:29:12 \n[trace][application] false
    in D:\Alat\laragon\www\base4\vendor\mdmsoft\yii2-admin\models\User.php:219
    in D:\Alat\laragon\www\base4\vendor\mdmsoft\yii2-admin\controllers\AssignmentController.php:118
2024-03-17 19:29:15 \n[trace][application] terpanggildlskjfdsofihdsiofh
    in D:\Alat\laragon\www\base4\vendor\mdmsoft\yii2-admin\models\User.php:218
    in D:\Alat\laragon\www\base4\vendor\mdmsoft\yii2-admin\controllers\AssignmentController.php:133
2024-03-17 19:29:15 \n[trace][application] false
    in D:\Alat\laragon\www\base4\vendor\mdmsoft\yii2-admin\models\User.php:219
    in D:\Alat\laragon\www\base4\vendor\mdmsoft\yii2-admin\controllers\AssignmentController.php:133
2024-03-17 19:29:34 \n[trace][application] terpanggildlskjfdsofihdsiofh
    in D:\Alat\laragon\www\base4\vendor\mdmsoft\yii2-admin\models\User.php:218
    in D:\Alat\laragon\www\base4\vendor\mdmsoft\yii2-admin\controllers\AssignmentController.php:118
2024-03-17 19:29:34 \n[trace][application] false
    in D:\Alat\laragon\www\base4\vendor\mdmsoft\yii2-admin\models\User.php:219
    in D:\Alat\laragon\www\base4\vendor\mdmsoft\yii2-admin\controllers\AssignmentController.php:118
2024-03-17 19:29:43 \n[trace][application] terpanggildlskjfdsofihdsiofh
    in D:\Alat\laragon\www\base4\vendor\mdmsoft\yii2-admin\models\User.php:218
    in D:\Alat\laragon\www\base4\vendor\mdmsoft\yii2-admin\controllers\AssignmentController.php:133
2024-03-17 19:29:43 \n[trace][application] false
    in D:\Alat\laragon\www\base4\vendor\mdmsoft\yii2-admin\models\User.php:219
    in D:\Alat\laragon\www\base4\vendor\mdmsoft\yii2-admin\controllers\AssignmentController.php:133
2024-03-17 19:29:48 \n[trace][application] terpanggildlskjfdsofihdsiofh
    in D:\Alat\laragon\www\base4\vendor\mdmsoft\yii2-admin\models\User.php:218
    in D:\Alat\laragon\www\base4\vendor\mdmsoft\yii2-admin\controllers\AssignmentController.php:118
2024-03-17 19:29:48 \n[trace][application] false
    in D:\Alat\laragon\www\base4\vendor\mdmsoft\yii2-admin\models\User.php:219
    in D:\Alat\laragon\www\base4\vendor\mdmsoft\yii2-admin\controllers\AssignmentController.php:118
2024-03-17 19:31:12 \n[trace][application] terpanggildlskjfdsofihdsiofh
    in D:\Alat\laragon\www\base4\vendor\mdmsoft\yii2-admin\models\User.php:218
    in D:\Alat\laragon\www\base4\vendor\mdmsoft\yii2-admin\controllers\AssignmentController.php:134
2024-03-17 19:31:12 \n[trace][application] false
    in D:\Alat\laragon\www\base4\vendor\mdmsoft\yii2-admin\models\User.php:219
    in D:\Alat\laragon\www\base4\vendor\mdmsoft\yii2-admin\controllers\AssignmentController.php:134
2024-03-17 19:31:19 \n[trace][application] terpanggildlskjfdsofihdsiofh
    in D:\Alat\laragon\www\base4\vendor\mdmsoft\yii2-admin\models\User.php:218
    in D:\Alat\laragon\www\base4\vendor\mdmsoft\yii2-admin\controllers\AssignmentController.php:119
2024-03-17 19:31:19 \n[trace][application] false
    in D:\Alat\laragon\www\base4\vendor\mdmsoft\yii2-admin\models\User.php:219
    in D:\Alat\laragon\www\base4\vendor\mdmsoft\yii2-admin\controllers\AssignmentController.php:119
2024-03-17 19:31:22 \n[trace][application] terpanggildlskjfdsofihdsiofh
    in D:\Alat\laragon\www\base4\vendor\mdmsoft\yii2-admin\models\User.php:218
    in D:\Alat\laragon\www\base4\vendor\mdmsoft\yii2-admin\controllers\AssignmentController.php:134
2024-03-17 19:31:22 \n[trace][application] false
    in D:\Alat\laragon\www\base4\vendor\mdmsoft\yii2-admin\models\User.php:219
    in D:\Alat\laragon\www\base4\vendor\mdmsoft\yii2-admin\controllers\AssignmentController.php:134
2024-03-17 19:32:02 \n[trace][application] false
    in D:\Alat\laragon\www\base4\vendor\mdmsoft\yii2-admin\controllers\AssignmentController.php:118
2024-03-17 19:32:02 \n[trace][application] terpanggildlskjfdsofihdsiofh
    in D:\Alat\laragon\www\base4\vendor\mdmsoft\yii2-admin\models\User.php:218
    in D:\Alat\laragon\www\base4\vendor\mdmsoft\yii2-admin\controllers\AssignmentController.php:119
2024-03-17 19:32:02 \n[trace][application] false
    in D:\Alat\laragon\www\base4\vendor\mdmsoft\yii2-admin\models\User.php:219
    in D:\Alat\laragon\www\base4\vendor\mdmsoft\yii2-admin\controllers\AssignmentController.php:119
2024-03-17 19:32:23 \n[trace][application] false
    in D:\Alat\laragon\www\base4\vendor\mdmsoft\yii2-admin\controllers\AssignmentController.php:134
2024-03-17 19:32:28 \n[trace][application] false
    in D:\Alat\laragon\www\base4\vendor\mdmsoft\yii2-admin\controllers\AssignmentController.php:118
2024-03-17 19:32:28 \n[trace][application] terpanggildlskjfdsofihdsiofh
    in D:\Alat\laragon\www\base4\vendor\mdmsoft\yii2-admin\models\User.php:218
    in D:\Alat\laragon\www\base4\vendor\mdmsoft\yii2-admin\controllers\AssignmentController.php:119
2024-03-17 19:32:28 \n[trace][application] false
    in D:\Alat\laragon\www\base4\vendor\mdmsoft\yii2-admin\models\User.php:219
    in D:\Alat\laragon\www\base4\vendor\mdmsoft\yii2-admin\controllers\AssignmentController.php:119
2024-03-17 19:32:37 \n[trace][application] false
    in D:\Alat\laragon\www\base4\vendor\mdmsoft\yii2-admin\controllers\AssignmentController.php:134
2024-03-17 19:33:06 \n[trace][application] false
    in D:\Alat\laragon\www\base4\vendor\mdmsoft\yii2-admin\controllers\AssignmentController.php:119
2024-03-17 19:33:10 \n[trace][application] false
    in D:\Alat\laragon\www\base4\vendor\mdmsoft\yii2-admin\controllers\AssignmentController.php:134
2024-03-17 19:33:14 \n[trace][application] false
    in D:\Alat\laragon\www\base4\vendor\mdmsoft\yii2-admin\controllers\AssignmentController.php:119
2024-03-17 19:33:43 \n[trace][application] false
    in D:\Alat\laragon\www\base4\vendor\mdmsoft\yii2-admin\controllers\AssignmentController.php:134
2024-03-17 19:33:57 \n[trace][application] false
    in D:\Alat\laragon\www\base4\vendor\mdmsoft\yii2-admin\controllers\AssignmentController.php:119
2024-03-17 19:39:06 \n[trace][application] [
    'available' => [
        'accessAdmin' => 'permission',
        'haveActiveShop' => 'permission',
        'manageAllShop' => 'permission',
        'manageOwnShop' => 'permission',
        'penjual' => 'role',
    ],
    'assigned' => [
        'admin' => 'role',
    ],
]
    in D:\Alat\laragon\www\base4\vendor\mdmsoft\yii2-admin\controllers\AssignmentController.php:119
2024-03-17 19:39:17 \n[trace][application] [
    'available' => [
        'accessAdmin' => 'permission',
        'admin' => 'role',
        'haveActiveShop' => 'permission',
        'manageAllShop' => 'permission',
        'manageOwnShop' => 'permission',
        'penjual' => 'role',
    ],
    'assigned' => [],
]
    in D:\Alat\laragon\www\base4\vendor\mdmsoft\yii2-admin\controllers\AssignmentController.php:135
2024-03-17 19:42:28 \n[trace][application] terpanggildlskjfdsofihdsiofh
    in D:\Alat\laragon\www\base4\vendor\mdmsoft\yii2-admin\models\User.php:218
    in D:\Alat\laragon\www\base4\vendor\mdmsoft\yii2-admin\controllers\AssignmentController.php:120
2024-03-17 19:42:28 \n[trace][application] false
    in D:\Alat\laragon\www\base4\vendor\mdmsoft\yii2-admin\models\User.php:219
    in D:\Alat\laragon\www\base4\vendor\mdmsoft\yii2-admin\controllers\AssignmentController.php:120
2024-03-17 19:42:39 \n[trace][application] terpanggildlskjfdsofihdsiofh
    in D:\Alat\laragon\www\base4\vendor\mdmsoft\yii2-admin\models\User.php:218
    in D:\Alat\laragon\www\base4\vendor\mdmsoft\yii2-admin\controllers\AssignmentController.php:136
2024-03-17 19:42:39 \n[trace][application] false
    in D:\Alat\laragon\www\base4\vendor\mdmsoft\yii2-admin\models\User.php:219
    in D:\Alat\laragon\www\base4\vendor\mdmsoft\yii2-admin\controllers\AssignmentController.php:136
2024-03-17 19:42:41 \n[trace][application] terpanggildlskjfdsofihdsiofh
    in D:\Alat\laragon\www\base4\vendor\mdmsoft\yii2-admin\models\User.php:218
    in D:\Alat\laragon\www\base4\vendor\mdmsoft\yii2-admin\controllers\AssignmentController.php:120
2024-03-17 19:42:41 \n[trace][application] true
    in D:\Alat\laragon\www\base4\vendor\mdmsoft\yii2-admin\models\User.php:219
    in D:\Alat\laragon\www\base4\vendor\mdmsoft\yii2-admin\controllers\AssignmentController.php:120
2024-03-17 19:50:41 \n[trace][application] terpanggildlskjfdsofihdsiofh
    in D:\Alat\laragon\www\base4\vendor\mdmsoft\yii2-admin\models\User.php:211
    in D:\Alat\laragon\www\base4\vendor\mdmsoft\yii2-admin\models\Assignment.php:56
    in D:\Alat\laragon\www\base4\vendor\mdmsoft\yii2-admin\controllers\AssignmentController.php:117
2024-03-17 19:50:49 \n[trace][application] terpanggildlskjfdsofihdsiofh
    in D:\Alat\laragon\www\base4\vendor\mdmsoft\yii2-admin\models\User.php:211
    in D:\Alat\laragon\www\base4\vendor\mdmsoft\yii2-admin\models\Assignment.php:80
    in D:\Alat\laragon\www\base4\vendor\mdmsoft\yii2-admin\controllers\AssignmentController.php:133
2024-03-17 19:53:01 \n[trace][application] terpanggildlskjfdsofihdsiofh
    in D:\Alat\laragon\www\base4\vendor\mdmsoft\yii2-admin\models\User.php:211
    in D:\Alat\laragon\www\base4\vendor\mdmsoft\yii2-admin\models\Assignment.php:56
    in D:\Alat\laragon\www\base4\vendor\mdmsoft\yii2-admin\controllers\AssignmentController.php:117
2024-03-17 19:53:09 \n[trace][application] terpanggildlskjfdsofihdsiofh
    in D:\Alat\laragon\www\base4\vendor\mdmsoft\yii2-admin\models\User.php:211
    in D:\Alat\laragon\www\base4\vendor\mdmsoft\yii2-admin\models\Assignment.php:80
    in D:\Alat\laragon\www\base4\vendor\mdmsoft\yii2-admin\controllers\AssignmentController.php:133
2024-03-17 22:35:16 \n[trace][application] saveddddd
    in D:\Alat\laragon\www\base4\backend\controllers\ProductController.php:85
2024-03-17 22:35:19 \n[trace][application] saveddddd
    in D:\Alat\laragon\www\base4\backend\controllers\ProductController.php:85
2024-03-17 22:39:08 \n[trace][application] savedddddwoeifjsdoijfiodsjfdiosj
    in D:\Alat\laragon\www\base4\backend\controllers\ProductController.php:86
2024-03-17 22:41:05 \n[trace][application] savedddddwoeifjsdoijfiodsjfdiosj
    in D:\Alat\laragon\www\base4\backend\controllers\ProductController.php:86
2024-03-17 22:50:25 \n[trace][application] savedddddwoeifjsdoijfiodsjfdiosj
    in D:\Alat\laragon\www\base4\backend\controllers\ProductController.php:86
2024-03-18 08:59:40 \n[trace][application] savedddddwoeifjsdoijfiodsjfdiosj
    in D:\Alat\laragon\www\base4\backend\controllers\ProductController.php:89
2024-03-18 09:16:07 \n[trace][application] haloooooo halo banding
    in D:\Alat\laragon\www\base4\backend\controllers\ProductController.php:170
2024-03-18 09:17:51 \n[trace][application] haloooooo halo banding
    in D:\Alat\laragon\www\base4\backend\controllers\ProductController.php:171
2024-03-18 09:17:51 \n[trace][application] [
    'id' => 1,
    'sellerId' => 4,
    'name' => 'tets',
    'description' => 'asdgasdfg',
    'active' => 0,
]
    in D:\Alat\laragon\www\base4\backend\controllers\ProductController.php:172
2024-03-18 10:20:05 \n[trace][application] savedddddwoeifjsdoijfiodsjfdiosj
    in D:\Alat\laragon\www\base4\backend\controllers\ProductController.php:89
2024-03-18 10:20:32 \n[trace][application] savedddddwoeifjsdoijfiodsjfdiosj
    in D:\Alat\laragon\www\base4\backend\controllers\ProductController.php:89
2024-03-18 10:21:46 \n[trace][application] savedddddwoeifjsdoijfiodsjfdiosj
    in D:\Alat\laragon\www\base4\backend\controllers\ProductController.php:89
